<html>
<head>
<title>TestNG:  Default test</title>
<link href="../testng.css" rel="stylesheet" type="text/css" />
<link href="../my-testng.css" rel="stylesheet" type="text/css" />

<style type="text/css">
.log { display: none;} 
.stack-trace { display: none;} 
</style>
<script type="text/javascript">
<!--
function flip(e) {
  current = e.style.display;
  if (current == 'block') {
    e.style.display = 'none';
    return 0;
  }
  else {
    e.style.display = 'block';
    return 1;
  }
}

function toggleBox(szDivId, elem, msg1, msg2)
{
  var res = -1;  if (document.getElementById) {
    res = flip(document.getElementById(szDivId));
  }
  else if (document.all) {
    // this is the way old msie versions work
    res = flip(document.all[szDivId]);
  }
  if(elem) {
    if(res == 0) elem.innerHTML = msg1; else elem.innerHTML = msg2;
  }

}

function toggleAllBoxes() {
  if (document.getElementsByTagName) {
    d = document.getElementsByTagName('div');
    for (i = 0; i < d.length; i++) {
      if (d[i].className == 'log') {
        flip(d[i]);
      }
    }
  }
}

// -->
</script>

</head>
<body>
<h2 align='center'>Default test</h2><table border='1' align="center">
<tr>
<td>Tests passed/Failed/Skipped:</td><td>0/0/26</td>
</tr><tr>
<td>Started on:</td><td>Sun Jan 24 12:31:26 PST 2016</td>
</tr>
<tr><td>Total time:</td><td>0 seconds (173 ms)</td>
</tr><tr>
<td>Included groups:</td><td></td>
</tr><tr>
<td>Excluded groups:</td><td></td>
</tr>
</table><p/>
<small><i>(Hover the method name to see the test class name)</i></small><p/>
<table width='100%' border='1' class='invocation-failed'>
<tr><td colspan='4' align='center'><b>FAILED CONFIGURATIONS</b></td></tr>
<tr><td><b>Test method</b></td>
<td width="30%"><b>Exception</b></td>
<td width="10%"><b>Time (seconds)</b></td>
<td><b>Instance</b></td>
</tr>
<tr>
<td title='com.jukin.test.Login.beforeSuite()'><b>beforeSuite</b><br>Test class: com.jukin.test.Login</td>
<td><div><pre>org.openqa.selenium.WebDriverException: Cannot find firefox binary in PATH. Make sure firefox is installed. OS appears to be: MAC
Build info: version: &apos;2.27.0&apos;, revision: &apos;18259&apos;, time: &apos;2012-12-05 11:30:53&apos;
System info: os.name: &apos;Mac OS X&apos;, os.arch: &apos;x86_64&apos;, os.version: &apos;10.9.3&apos;, java.version: &apos;1.8.0_71&apos;
Driver info: driver.version: FirefoxDriver
	at org.openqa.selenium.firefox.internal.Executable.&lt;init&gt;(Executable.java:69)
	at org.openqa.selenium.firefox.FirefoxBinary.&lt;init&gt;(FirefoxBinary.java:59)
	at org.openqa.selenium.firefox.FirefoxBinary.&lt;init&gt;(FirefoxBinary.java:55)
	at org.openqa.selenium.firefox.FirefoxDriver.&lt;init&gt;(FirefoxDriver.java:92)
	at com.jukin.test.Login.beforeSuite(Login.java:206)
	at sun.reflect.NativeMethodAccessorImpl.invoke0(Native Method)
	at sun.reflect.NativeMethodAccessorImpl.invoke(NativeMethodAccessorImpl.java:62)
	at sun.reflect.DelegatingMethodAccessorImpl.invoke(DelegatingMethodAccessorImpl.java:43)
	at java.lang.reflect.Method.invoke(Method.java:497)
	at org.testng.internal.MethodInvocationHelper.invokeMethod(MethodInvocationHelper.java:86)
	at org.testng.internal.Invoker.invokeConfigurationMethod(Invoker.java:514)
	at org.testng.internal.Invoker.invokeConfigurations(Invoker.java:215)
	at org.testng.internal.Invoker.invokeConfigurations(Invoker.java:142)
	at org.testng.SuiteRunner.privateRun(SuiteRunner.java:305)
	at org.testng.SuiteRunner.run(SuiteRunner.java:268)
	at org.testng.SuiteRunnerWorker.runSuite(SuiteRunnerWorker.java:52)
	at org.testng.SuiteRunnerWorker.run(SuiteRunnerWorker.java:86)
	at org.testng.TestNG.runSuitesSequentially(TestNG.java:1244)
	at org.testng.TestNG.runSuitesLocally(TestNG.java:1169)
	at org.testng.TestNG.run(TestNG.java:1064)
	at org.testng.remote.RemoteTestNG.run(RemoteTestNG.java:113)
	at org.testng.remote.RemoteTestNG.initAndRun(RemoteTestNG.java:206)
	at org.testng.remote.RemoteTestNG.main(RemoteTestNG.java:177)
</pre></div><a href='#' onClick='toggleBox("stack-trace1699113578", this, "Click to show all stack frames", "Click to hide stack frames")'>Click to show all stack frames</a>
<div class='stack-trace' id='stack-trace1699113578'><pre>org.openqa.selenium.WebDriverException: Cannot find firefox binary in PATH. Make sure firefox is installed. OS appears to be: MAC
Build info: version: &apos;2.27.0&apos;, revision: &apos;18259&apos;, time: &apos;2012-12-05 11:30:53&apos;
System info: os.name: &apos;Mac OS X&apos;, os.arch: &apos;x86_64&apos;, os.version: &apos;10.9.3&apos;, java.version: &apos;1.8.0_71&apos;
Driver info: driver.version: FirefoxDriver
	at org.openqa.selenium.firefox.internal.Executable.&lt;init&gt;(Executable.java:69)
	at org.openqa.selenium.firefox.FirefoxBinary.&lt;init&gt;(FirefoxBinary.java:59)
	at org.openqa.selenium.firefox.FirefoxBinary.&lt;init&gt;(FirefoxBinary.java:55)
	at org.openqa.selenium.firefox.FirefoxDriver.&lt;init&gt;(FirefoxDriver.java:92)
	at com.jukin.test.Login.beforeSuite(Login.java:206)
	at sun.reflect.NativeMethodAccessorImpl.invoke0(Native Method)
	at sun.reflect.NativeMethodAccessorImpl.invoke(NativeMethodAccessorImpl.java:62)
	at sun.reflect.DelegatingMethodAccessorImpl.invoke(DelegatingMethodAccessorImpl.java:43)
	at java.lang.reflect.Method.invoke(Method.java:497)
	at org.testng.internal.MethodInvocationHelper.invokeMethod(MethodInvocationHelper.java:86)
	at org.testng.internal.Invoker.invokeConfigurationMethod(Invoker.java:514)
	at org.testng.internal.Invoker.invokeConfigurations(Invoker.java:215)
	at org.testng.internal.Invoker.invokeConfigurations(Invoker.java:142)
	at org.testng.SuiteRunner.privateRun(SuiteRunner.java:305)
	at org.testng.SuiteRunner.run(SuiteRunner.java:268)
	at org.testng.SuiteRunnerWorker.runSuite(SuiteRunnerWorker.java:52)
	at org.testng.SuiteRunnerWorker.run(SuiteRunnerWorker.java:86)
	at org.testng.TestNG.runSuitesSequentially(TestNG.java:1244)
	at org.testng.TestNG.runSuitesLocally(TestNG.java:1169)
	at org.testng.TestNG.run(TestNG.java:1064)
	at org.testng.remote.RemoteTestNG.run(RemoteTestNG.java:113)
	at org.testng.remote.RemoteTestNG.initAndRun(RemoteTestNG.java:206)
	at org.testng.remote.RemoteTestNG.main(RemoteTestNG.java:177)
</pre></div></td>
<td>0</td>
<td>null</td></tr>
</table><p>
<table width='100%' border='1' class='invocation-skipped'>
<tr><td colspan='4' align='center'><b>SKIPPED CONFIGURATIONS</b></td></tr>
<tr><td><b>Test method</b></td>
<td width="30%"><b>Exception</b></td>
<td width="10%"><b>Time (seconds)</b></td>
<td><b>Instance</b></td>
</tr>
<tr>
<td title='com.jukin.test.Login.beforeSuite()'><b>beforeSuite</b><br>Test class: com.jukin.test.Login</td>
<td></td>
<td>0</td>
<td>null</td></tr>
</table><p>
<table width='100%' border='1' class='invocation-skipped'>
<tr><td colspan='4' align='center'><b>SKIPPED TESTS</b></td></tr>
<tr><td><b>Test method</b></td>
<td width="30%"><b>Exception</b></td>
<td width="10%"><b>Time (seconds)</b></td>
<td><b>Instance</b></td>
</tr>
<tr>
<td title='com.jukin.test.base.Login.matchStyles()'><b>matchStyles</b><br>Test class: com.jukin.test.base.Login</td>
<td></td>
<td>0</td>
<td>com.jukin.test.base.Login@58fdd99</td></tr>
<tr>
<td title='com.jukin.test.Login.matchStyles()'><b>matchStyles</b><br>Test class: com.jukin.test.Login</td>
<td></td>
<td>0</td>
<td>com.jukin.test.Login@6b1274d2</td></tr>
<tr>
<td title='com.jukin.test.base.Login.validateCompanyName()'><b>validateCompanyName</b><br>Test class: com.jukin.test.base.Login</td>
<td></td>
<td>0</td>
<td>com.jukin.test.base.Login@58fdd99</td></tr>
<tr>
<td title='com.jukin.test.Login.validateCompanyName()'><b>validateCompanyName</b><br>Test class: com.jukin.test.Login</td>
<td></td>
<td>0</td>
<td>com.jukin.test.Login@6b1274d2</td></tr>
<tr>
<td title='com.jukin.test.base.Login.validateEmail()'><b>validateEmail</b><br>Test class: com.jukin.test.base.Login</td>
<td></td>
<td>0</td>
<td>com.jukin.test.base.Login@58fdd99</td></tr>
<tr>
<td title='com.jukin.test.Login.validateEmail()'><b>validateEmail</b><br>Test class: com.jukin.test.Login</td>
<td></td>
<td>0</td>
<td>com.jukin.test.Login@6b1274d2</td></tr>
<tr>
<td title='com.jukin.test.base.Login.validateFirstName()'><b>validateFirstName</b><br>Test class: com.jukin.test.base.Login</td>
<td></td>
<td>0</td>
<td>com.jukin.test.base.Login@58fdd99</td></tr>
<tr>
<td title='com.jukin.test.Login.validateFirstName()'><b>validateFirstName</b><br>Test class: com.jukin.test.Login</td>
<td></td>
<td>0</td>
<td>com.jukin.test.Login@6b1274d2</td></tr>
<tr>
<td title='com.jukin.test.base.Login.validateHowDidYouHearAbout()'><b>validateHowDidYouHearAbout</b><br>Test class: com.jukin.test.base.Login</td>
<td></td>
<td>0</td>
<td>com.jukin.test.base.Login@58fdd99</td></tr>
<tr>
<td title='com.jukin.test.Login.validateHowDidYouHearAbout()'><b>validateHowDidYouHearAbout</b><br>Test class: com.jukin.test.Login</td>
<td></td>
<td>0</td>
<td>com.jukin.test.Login@6b1274d2</td></tr>
<tr>
<td title='com.jukin.test.base.Login.validateLastName()'><b>validateLastName</b><br>Test class: com.jukin.test.base.Login</td>
<td></td>
<td>0</td>
<td>com.jukin.test.base.Login@58fdd99</td></tr>
<tr>
<td title='com.jukin.test.Login.validateLastName()'><b>validateLastName</b><br>Test class: com.jukin.test.Login</td>
<td></td>
<td>0</td>
<td>com.jukin.test.Login@6b1274d2</td></tr>
<tr>
<td title='com.jukin.test.base.Login.validateLogo()'><b>validateLogo</b><br>Test class: com.jukin.test.base.Login</td>
<td></td>
<td>0</td>
<td>com.jukin.test.base.Login@58fdd99</td></tr>
<tr>
<td title='com.jukin.test.Login.validateLogo()'><b>validateLogo</b><br>Test class: com.jukin.test.Login</td>
<td></td>
<td>0</td>
<td>com.jukin.test.Login@6b1274d2</td></tr>
<tr>
<td title='com.jukin.test.base.Login.validateMoto()'><b>validateMoto</b><br>Test class: com.jukin.test.base.Login</td>
<td></td>
<td>0</td>
<td>com.jukin.test.base.Login@58fdd99</td></tr>
<tr>
<td title='com.jukin.test.Login.validateMoto()'><b>validateMoto</b><br>Test class: com.jukin.test.Login</td>
<td></td>
<td>0</td>
<td>com.jukin.test.Login@6b1274d2</td></tr>
<tr>
<td title='com.jukin.test.base.Login.validatePhoneNumber()'><b>validatePhoneNumber</b><br>Test class: com.jukin.test.base.Login</td>
<td></td>
<td>0</td>
<td>com.jukin.test.base.Login@58fdd99</td></tr>
<tr>
<td title='com.jukin.test.Login.validatePhoneNumber()'><b>validatePhoneNumber</b><br>Test class: com.jukin.test.Login</td>
<td></td>
<td>0</td>
<td>com.jukin.test.Login@6b1274d2</td></tr>
<tr>
<td title='com.jukin.test.base.Login.validateRateYourExperience()'><b>validateRateYourExperience</b><br>Test class: com.jukin.test.base.Login</td>
<td></td>
<td>0</td>
<td>com.jukin.test.base.Login@58fdd99</td></tr>
<tr>
<td title='com.jukin.test.Login.validateRateYourExperience()'><b>validateRateYourExperience</b><br>Test class: com.jukin.test.Login</td>
<td></td>
<td>0</td>
<td>com.jukin.test.Login@6b1274d2</td></tr>
<tr>
<td title='com.jukin.test.base.Login.validateSubmit()'><b>validateSubmit</b><br>Test class: com.jukin.test.base.Login</td>
<td></td>
<td>0</td>
<td>com.jukin.test.base.Login@58fdd99</td></tr>
<tr>
<td title='com.jukin.test.Login.validateSubmit()'><b>validateSubmit</b><br>Test class: com.jukin.test.Login</td>
<td></td>
<td>0</td>
<td>com.jukin.test.Login@6b1274d2</td></tr>
<tr>
<td title='com.jukin.test.base.Login.validateWouldYouRecommend()'><b>validateWouldYouRecommend</b><br>Test class: com.jukin.test.base.Login</td>
<td></td>
<td>0</td>
<td>com.jukin.test.base.Login@58fdd99</td></tr>
<tr>
<td title='com.jukin.test.Login.validateWouldYouRecommend()'><b>validateWouldYouRecommend</b><br>Test class: com.jukin.test.Login</td>
<td></td>
<td>0</td>
<td>com.jukin.test.Login@6b1274d2</td></tr>
<tr>
<td title='com.jukin.test.base.Login.validateWouldYouRecommendOptions()'><b>validateWouldYouRecommendOptions</b><br>Test class: com.jukin.test.base.Login</td>
<td></td>
<td>0</td>
<td>com.jukin.test.base.Login@58fdd99</td></tr>
<tr>
<td title='com.jukin.test.Login.validateWouldYouRecommendOptions()'><b>validateWouldYouRecommendOptions</b><br>Test class: com.jukin.test.Login</td>
<td></td>
<td>0</td>
<td>com.jukin.test.Login@6b1274d2</td></tr>
</table><p>
</body>
</html>